mode: set
github.com/LeonLow97/internal/transactions/repo.go:35.41,39.2 1 1
github.com/LeonLow97/internal/transactions/repo.go:41.33,43.2 1 1
github.com/LeonLow97/internal/transactions/repo.go:46.83,50.78 3 1
github.com/LeonLow97/internal/transactions/repo.go:56.2,56.19 1 1
github.com/LeonLow97/internal/transactions/repo.go:50.78,51.27 1 1
github.com/LeonLow97/internal/transactions/repo.go:54.3,54.103 1 1
github.com/LeonLow97/internal/transactions/repo.go:51.27,53.4 1 1
github.com/LeonLow97/internal/transactions/repo.go:60.95,64.85 3 1
github.com/LeonLow97/internal/transactions/repo.go:71.2,71.20 1 1
github.com/LeonLow97/internal/transactions/repo.go:64.85,65.27 1 1
github.com/LeonLow97/internal/transactions/repo.go:68.3,68.106 1 1
github.com/LeonLow97/internal/transactions/repo.go:65.27,67.4 1 1
github.com/LeonLow97/internal/transactions/repo.go:74.110,80.93 3 1
github.com/LeonLow97/internal/transactions/repo.go:87.2,87.19 1 1
github.com/LeonLow97/internal/transactions/repo.go:80.93,81.27 1 1
github.com/LeonLow97/internal/transactions/repo.go:84.3,84.115 1 1
github.com/LeonLow97/internal/transactions/repo.go:81.27,83.4 1 1
github.com/LeonLow97/internal/transactions/repo.go:90.124,97.91 3 1
github.com/LeonLow97/internal/transactions/repo.go:104.2,104.23 1 1
github.com/LeonLow97/internal/transactions/repo.go:97.91,98.27 1 1
github.com/LeonLow97/internal/transactions/repo.go:101.3,101.113 1 1
github.com/LeonLow97/internal/transactions/repo.go:98.27,100.4 1 1
github.com/LeonLow97/internal/transactions/repo.go:108.113,115.84 4 1
github.com/LeonLow97/internal/transactions/repo.go:122.2,122.26 1 1
github.com/LeonLow97/internal/transactions/repo.go:115.84,116.27 1 1
github.com/LeonLow97/internal/transactions/repo.go:119.3,119.117 1 1
github.com/LeonLow97/internal/transactions/repo.go:116.27,118.4 1 1
github.com/LeonLow97/internal/transactions/repo.go:126.102,132.81 3 1
github.com/LeonLow97/internal/transactions/repo.go:139.2,139.21 1 1
github.com/LeonLow97/internal/transactions/repo.go:132.81,133.27 1 1
github.com/LeonLow97/internal/transactions/repo.go:136.3,136.103 1 1
github.com/LeonLow97/internal/transactions/repo.go:133.27,135.4 1 1
github.com/LeonLow97/internal/transactions/repo.go:143.111,149.16 3 1
github.com/LeonLow97/internal/transactions/repo.go:153.2,153.12 1 1
github.com/LeonLow97/internal/transactions/repo.go:149.16,151.3 1 1
github.com/LeonLow97/internal/transactions/repo.go:157.110,176.16 3 1
github.com/LeonLow97/internal/transactions/repo.go:180.2,180.12 1 1
github.com/LeonLow97/internal/transactions/repo.go:176.16,178.3 1 1
github.com/LeonLow97/internal/transactions/repo.go:184.91,189.78 3 1
github.com/LeonLow97/internal/transactions/repo.go:193.2,193.19 1 1
github.com/LeonLow97/internal/transactions/repo.go:189.78,191.3 1 1
github.com/LeonLow97/internal/transactions/repo.go:197.114,224.16 4 1
github.com/LeonLow97/internal/transactions/repo.go:227.2,229.18 2 1
github.com/LeonLow97/internal/transactions/repo.go:252.2,252.34 1 1
github.com/LeonLow97/internal/transactions/repo.go:256.2,256.27 1 1
github.com/LeonLow97/internal/transactions/repo.go:224.16,226.3 1 1
github.com/LeonLow97/internal/transactions/repo.go:229.18,245.17 2 1
github.com/LeonLow97/internal/transactions/repo.go:249.3,249.77 1 1
github.com/LeonLow97/internal/transactions/repo.go:245.17,247.4 1 0
github.com/LeonLow97/internal/transactions/repo.go:252.34,254.3 1 0
github.com/LeonLow97/internal/transactions/service.go:21.42,25.2 1 1
github.com/LeonLow97/internal/transactions/service.go:28.118,30.14 1 1
github.com/LeonLow97/internal/transactions/service.go:34.2,38.16 3 1
github.com/LeonLow97/internal/transactions/service.go:42.2,45.16 3 1
github.com/LeonLow97/internal/transactions/service.go:50.2,51.16 2 1
github.com/LeonLow97/internal/transactions/service.go:55.2,55.50 1 1
github.com/LeonLow97/internal/transactions/service.go:30.14,32.3 1 1
github.com/LeonLow97/internal/transactions/service.go:38.16,40.3 1 1
github.com/LeonLow97/internal/transactions/service.go:45.16,48.3 1 1
github.com/LeonLow97/internal/transactions/service.go:51.16,53.3 1 1
github.com/LeonLow97/internal/transactions/service.go:58.108,59.119 1 1
github.com/LeonLow97/internal/transactions/service.go:62.2,62.78 1 1
github.com/LeonLow97/internal/transactions/service.go:67.2,72.16 4 1
github.com/LeonLow97/internal/transactions/service.go:75.2,75.20 1 1
github.com/LeonLow97/internal/transactions/service.go:80.2,81.16 2 1
github.com/LeonLow97/internal/transactions/service.go:84.2,84.24 1 1
github.com/LeonLow97/internal/transactions/service.go:87.2,87.29 1 1
github.com/LeonLow97/internal/transactions/service.go:92.2,93.16 2 1
github.com/LeonLow97/internal/transactions/service.go:96.2,96.19 1 1
github.com/LeonLow97/internal/transactions/service.go:101.2,103.16 3 1
github.com/LeonLow97/internal/transactions/service.go:107.2,107.15 1 1
github.com/LeonLow97/internal/transactions/service.go:120.2,123.16 4 1
github.com/LeonLow97/internal/transactions/service.go:128.2,128.44 1 0
github.com/LeonLow97/internal/transactions/service.go:134.2,135.16 2 0
github.com/LeonLow97/internal/transactions/service.go:138.2,138.16 1 0
github.com/LeonLow97/internal/transactions/service.go:142.2,143.16 2 0
github.com/LeonLow97/internal/transactions/service.go:146.2,146.49 1 0
github.com/LeonLow97/internal/transactions/service.go:150.2,151.16 2 0
github.com/LeonLow97/internal/transactions/service.go:156.2,157.44 2 0
github.com/LeonLow97/internal/transactions/service.go:163.2,165.16 3 0
github.com/LeonLow97/internal/transactions/service.go:169.2,171.16 3 0
github.com/LeonLow97/internal/transactions/service.go:176.2,204.16 4 0
github.com/LeonLow97/internal/transactions/service.go:208.2,209.16 2 0
github.com/LeonLow97/internal/transactions/service.go:213.2,213.12 1 0
github.com/LeonLow97/internal/transactions/service.go:59.119,61.3 1 1
github.com/LeonLow97/internal/transactions/service.go:62.78,64.3 1 1
github.com/LeonLow97/internal/transactions/service.go:72.16,74.3 1 1
github.com/LeonLow97/internal/transactions/service.go:75.20,77.3 1 1
github.com/LeonLow97/internal/transactions/service.go:81.16,83.3 1 1
github.com/LeonLow97/internal/transactions/service.go:84.24,86.3 1 1
github.com/LeonLow97/internal/transactions/service.go:87.29,89.3 1 1
github.com/LeonLow97/internal/transactions/service.go:93.16,95.3 1 1
github.com/LeonLow97/internal/transactions/service.go:96.19,98.3 1 1
github.com/LeonLow97/internal/transactions/service.go:103.16,105.3 1 0
github.com/LeonLow97/internal/transactions/service.go:107.15,108.17 1 1
github.com/LeonLow97/internal/transactions/service.go:112.3,113.17 2 0
github.com/LeonLow97/internal/transactions/service.go:108.17,111.4 2 1
github.com/LeonLow97/internal/transactions/service.go:113.17,115.4 1 0
github.com/LeonLow97/internal/transactions/service.go:123.16,125.3 1 1
github.com/LeonLow97/internal/transactions/service.go:128.44,130.3 1 0
github.com/LeonLow97/internal/transactions/service.go:135.16,137.3 1 0
github.com/LeonLow97/internal/transactions/service.go:138.16,140.3 1 0
github.com/LeonLow97/internal/transactions/service.go:143.16,145.3 1 0
github.com/LeonLow97/internal/transactions/service.go:146.49,148.3 1 0
github.com/LeonLow97/internal/transactions/service.go:151.16,153.3 1 0
github.com/LeonLow97/internal/transactions/service.go:157.44,159.3 1 0
github.com/LeonLow97/internal/transactions/service.go:165.16,167.3 1 0
github.com/LeonLow97/internal/transactions/service.go:171.16,173.3 1 0
github.com/LeonLow97/internal/transactions/service.go:204.16,206.3 1 0
github.com/LeonLow97/internal/transactions/service.go:209.16,211.3 1 0
github.com/LeonLow97/internal/transactions/service_mockdb.go:15.37,18.2 2 1
github.com/LeonLow97/internal/transactions/service_mockdb.go:20.87,23.2 2 1
github.com/LeonLow97/internal/transactions/service_mockdb.go:25.99,28.2 2 1
github.com/LeonLow97/internal/transactions/service_mockdb.go:30.114,33.2 2 1
github.com/LeonLow97/internal/transactions/service_mockdb.go:35.128,38.2 2 1
github.com/LeonLow97/internal/transactions/service_mockdb.go:40.117,43.2 2 0
github.com/LeonLow97/internal/transactions/service_mockdb.go:45.106,48.2 2 0
github.com/LeonLow97/internal/transactions/service_mockdb.go:50.115,53.2 2 0
github.com/LeonLow97/internal/transactions/service_mockdb.go:55.114,58.2 2 0
github.com/LeonLow97/internal/transactions/service_mockdb.go:60.95,63.2 2 1
github.com/LeonLow97/internal/transactions/service_mockdb.go:65.118,70.46 3 1
github.com/LeonLow97/internal/transactions/service_mockdb.go:74.2,74.36 1 1
github.com/LeonLow97/internal/transactions/service_mockdb.go:70.46,72.3 1 1
github.com/LeonLow97/internal/transactions/handlers.go:16.68,20.2 1 1
github.com/LeonLow97/internal/transactions/handlers.go:23.85,33.16 5 1
github.com/LeonLow97/internal/transactions/handlers.go:39.2,40.16 2 1
github.com/LeonLow97/internal/transactions/handlers.go:46.2,47.16 2 1
github.com/LeonLow97/internal/transactions/handlers.go:53.2,53.132 1 1
github.com/LeonLow97/internal/transactions/handlers.go:33.16,37.3 3 1
github.com/LeonLow97/internal/transactions/handlers.go:40.16,44.3 3 1
github.com/LeonLow97/internal/transactions/handlers.go:47.16,51.3 3 1
github.com/LeonLow97/internal/transactions/handlers.go:57.87,62.16 3 1
github.com/LeonLow97/internal/transactions/handlers.go:68.2,72.16 3 1
github.com/LeonLow97/internal/transactions/handlers.go:78.2,78.99 1 1
github.com/LeonLow97/internal/transactions/handlers.go:62.16,66.3 3 1
github.com/LeonLow97/internal/transactions/handlers.go:72.16,76.3 3 1
github.com/LeonLow97/internal/transactions/helpers.go:10.40,15.2 2 1
github.com/LeonLow97/internal/transactions/helpers.go:17.50,19.23 2 1
github.com/LeonLow97/internal/transactions/helpers.go:22.2,22.12 1 1
github.com/LeonLow97/internal/transactions/helpers.go:19.23,21.3 1 1
